Cart saved for albara.bitar@gmail.com at 2025-03-20 01:40:14
Cart saved for albara.bitar@gmail.com at 2025-03-20 01:43:03
Cart saved for albara.bitar@gmail.com at 2025-03-28 13:35:51
Database error: SQLSTATE[42S02]: Base table or view not found: 1146 Table 'ecommerce.newsletter' doesn't exist at 2025-04-01 15:40:29
Database error: SQLSTATE[42S02]: Base table or view not found: 1146 Table 'u547298449_ecommerce.newsletter' doesn't exist at 2025-04-01 15:39:29
Database error: SQLSTATE[42S02]: Base table or view not found: 1146 Table 'u547298449_ecommerce.newsletter' doesn't exist at 2025-04-01 15:39:52
Database error: SQLSTATE[42S02]: Base table or view not found: 1146 Table 'u547298449_ecommerce.newsletter' doesn't exist at 2025-04-01 15:49:41
Tis lebanonssp@gmail.com was subscribed succesfully at 2025-04-01 16:03:40
Tis lebanonssp@gmail.com was subscribed succesfully at 2025-04-01 16:05:46
Tis lebanonssp@gmail.com was subscribed succesfully at 2025-04-01 16:20:02
Email lebanonssp@gmail.com was subscribed successfully at 2025-04-01 16:26:01
Email lebanonssp@gmail.com was subscribed successfully at 2025-04-01 16:30:46
Email lebanonssp@gmail.com was subscribed successfully at 2025-04-01 16:42:59
Email lebanonssp@gmail.com was subscribed successfully at 2025-04-01 17:31:34
Email lebanonssp@gmail.com was subscribed successfully at 2025-04-01 17:47:49
Email lebanonssp@gmail.com was subscribed successfully at 2025-04-01 17:53:00
Email lebanonssp@gmail.com was subscribed successfully at 2025-04-01 23:25:29
Email lebanonssp@gmail.com was subscribed successfully at 2025-04-01 23:30:55
Email lebanonssp@gmail.com was subscribed successfully at 2025-04-03 17:17:47
Email lebanonssp@gmail.com was subscribed successfully at 2025-04-10 17:14:08
Email lebanonssp@gmail.com was subscribed successfully at 2025-04-10 17:56:39
Email lebanonssp@gmail.com was subscribed successfully at 2025-04-11 16:06:05
Email lebanonssp@gmail.com was subscribed successfully at 2025-04-11 18:35:54
